<?xml version="1.0" encoding="UTF-8"?>
<testsuite name="ru.netology.postmanEcho" tests="1" skipped="0" failures="0" errors="0" timestamp="2022-02-06T18:44:47" hostname="LAPTOP-0KBJ9278" time="8.957">
  <properties/>
  <testcase name="shouldReturnData()" classname="ru.netology.postmanEcho" time="8.957"/>
  <system-out><![CDATA[]]></system-out>
  <system-err><![CDATA[]]></system-err>
</testsuite>
